2020-05-15 19:50:52.8543 ERROR ***55733:  未将对象引用设置到对象的实例。
2020-05-15 19:52:20.2933 ERROR ***bug53475-password-is-pass:  文件包含损坏的数据。
2020-05-15 19:52:21.3139 ERROR ***bug53475-password-is-solrcell:  文件包含损坏的数据。
2020-05-15 19:53:08.9378 ERROR ***thesis_jilinhuagongxueyuan_gyx_ba:  存档文件的大小不能为 0。
2020-05-15 19:53:20.3692 ERROR ***thesis_tongyongmoban1benkebiyelunwen_gbks_ba:  存档文件的大小不能为 0。
2020-05-15 19:53:21.3878 ERROR ***thesis_tongyongmoban2benkebiyelunwen_gbks_ba:  存档文件的大小不能为 0。
2020-05-15 19:53:35.9085 ERROR ***WDAGPlaceholder:  文件包含损坏的数据。
2020-05-15 19:57:06.0419 ERROR ***进货价:  存档文件的大小不能为 0。
2020-05-15 20:03:59.9725 ERROR ***55733:  未将对象引用设置到对象的实例。
2020-05-15 20:04:30.5608 ERROR ***55733:  未将对象引用设置到对象的实例。
2020-05-15 20:04:54.8588 ERROR ***55733:  未将对象引用设置到对象的实例。
2020-05-15 20:06:05.5869 ERROR ***55733:  未将对象引用设置到对象的实例。
2020-05-15 20:06:50.5076 ERROR ***55733:  未将对象引用设置到对象的实例。
2020-05-15 20:07:23.0637 ERROR ***55733:  文件“C:\Users\周宁\Desktop\55733.docx”正由另一进程使用，因此该进程无法访问此文件。
2020-05-15 20:08:36.2770 ERROR ***55733:  未将对象引用设置到对象的实例。
2020-05-15 20:20:09.4010 ERROR ***1_常见病诊疗规范:  根级别上的数据无效。 第 18 行，位置 14。
2020-05-15 20:22:25.0957 ERROR ***55733:  未将对象引用设置到对象的实例。
2020-05-15 20:24:07.6264 ERROR ***bug53475-password-is-pass:  文件包含损坏的数据。
2020-05-15 20:24:08.6468 ERROR ***bug53475-password-is-solrcell:  文件包含损坏的数据。
2020-05-15 20:24:35.1271 ERROR ***call and apply:  数据包中不存在指定部件。
2020-05-15 20:25:01.0770 ERROR ***thesis_jilinhuagongxueyuan_gyx_ba:  存档文件的大小不能为 0。
2020-05-15 20:25:13.1080 ERROR ***thesis_tongyongmoban1benkebiyelunwen_gbks_ba:  存档文件的大小不能为 0。
2020-05-15 20:25:14.1231 ERROR ***thesis_tongyongmoban2benkebiyelunwen_gbks_ba:  存档文件的大小不能为 0。
2020-05-15 20:25:29.8202 ERROR ***WDAGPlaceholder:  文件包含损坏的数据。
2020-05-15 20:27:35.4073 ERROR ***引言没导进去:  数据包中不存在指定部件。
2020-05-15 20:30:02.0449 ERROR ***进货价:  存档文件的大小不能为 0。
